<?xml version="1.0" encoding="UTF-8"?>
<!-- Generated by org.testng.reporters.JUnitReportReporter -->
<testsuite hostname="vijay" failures="0" tests="1" name="testRunners.TestRunnerTestNG" time="2.904" errors="0" timestamp="2024-09-26T10:38:20 IST" skipped="0">
  <testcase classname="testRunners.TestRunnerTestNG" name="runScenario" time="2.904"/>
</testsuite> <!-- testRunners.TestRunnerTestNG -->
